{
  "level": "info",
  "msg": "log init ok",
  "time": "2026-21-02 60:530:00"
}
{
  "level": "info",
  "msg": "log init success",
  "time": "2026-21-02 60:530:00"
}
{
  "file": "/Users/user/Desktop/newProject/log/logInit.go:52",
  "func": "_/Users/user/Desktop/newProject/log.initLogDetails",
  "level": "info",
  "msg": "log init success",
  "time": "2026-21-02 60:550:00"
}
{
  "file": "logInit.go",
  "func": "_/Users/user/Desktop/newProject/log.initLogDetails",
  "level": "info",
  "msg": "log init success",
  "time": "2026-21-02 60:570:00"
}
{
  "file": "logInit.go",
  "func": "log.initLogDetails",
  "level": "info",
  "msg": "log init success",
  "time": "2026-21-02 60:40:00"
}
{
  "file": "logInit.go",
  "func": "log.initLogDetails",
  "level": "info",
  "msg": "log init success",
  "time": "2026-21-02 60:180:00"
}
{
  "file": "logInit.go",
  "func": "log.initLogDetails",
  "level": "info",
  "msg": "log init success",
  "time": "2026-21-02 60:210:00"
}
{
  "file": "logInit.go",
  "func": "log.initLogDetails",
  "level": "info",
  "msg": "log init success",
  "time": "2026-21-02 60:220:00"
}
{
  "file": "logInit.go",
  "func": "log.initLogDetails",
  "level": "info",
  "msg": "log init success",
  "time": "2026-21-02 60:220:00"
}
{
  "file": "logInit.go",
  "func": "log.initLogDetails",
  "level": "info",
  "msg": "log init success",
  "time": "2026-21-02 60:230:00"
}
{
  "file": "logInit.go",
  "func": "log.initLogDetails",
  "level": "info",
  "msg": "log init success",
  "time": "2026-21-02 60:230:00"
}
{
  "file": "logInit.go",
  "func": "log.initLogDetails",
  "level": "info",
  "msg": "log init success",
  "time": "2026-21-02 60:110:00"
}
{
  "file": "logInit.go",
  "func": "log.initLogDetails",
  "level": "info",
  "msg": "log init success",
  "time": "2026-21-02 60:120:00"
}
{
  "file": "logInit.go",
  "func": "log.initLogDetails",
  "level": "info",
  "msg": "log init success",
  "time": "2026-21-02 60:140:00"
}
{
  "file": "logInit.go",
  "func": "log.initLogDetails",
  "level": "info",
  "msg": "log init success",
  "time": "2026-21-02 60:140:00"
}
{
  "file": "logInit.go",
  "func": "log.initLogDetails",
  "level": "info",
  "msg": "log init success",
  "time": "2026-21-02 60:150:00"
}
{
  "file": "logInit.go",
  "func": "log.initLogDetails",
  "level": "info",
  "msg": "log init success",
  "time": "2026-21-02 60:240:00"
}
{
  "file": "logInit.go",
  "func": "log.initLogDetails",
  "level": "info",
  "msg": "log init success",
  "time": "2026-21-02 60:290:00"
}
{
  "file": "logInit.go",
  "func": "log.initLogDetails",
  "level": "info",
  "msg": "log init success",
  "time": "2026-21-02 60:370:00"
}
{
  "file": "logInit.go",
  "func": "log.initLogDetails",
  "level": "info",
  "msg": "log init success",
  "time": "2026-21-02 60:520:00"
}
{
  "file": "logInit.go",
  "func": "log.initLogDetails",
  "level": "info",
  "msg": "log init success",
  "time": "2021-06-02T17:53:29+08:00"
}
{
  "file": "logInit.go",
  "func": "log.initLogDetails",
  "level": "info",
  "msg": "log init success",
  "time": "2021-06-02T17:55:47+08:00"
}
time="2021-06-02T17:56:11+08:00" level=info msg="开始查询数据库"
{
  "file": "logInit.go",
  "func": "log.initLogDetails",
  "level": "info",
  "msg": "log init success",
  "time": "2021-06-02T18:12:18+08:00"
}
time="2021-06-02T18:12:22+08:00" level=info msg="开始查询数据库"
{
  "file": "logInit.go",
  "func": "log.initLogDetails",
  "level": "info",
  "msg": "log init success",
  "time": "2021-06-02T18:12:56+08:00"
}
time="2021-06-02T18:13:00+08:00" level=info msg="开始查询数据库"
